
R version 3.0.1 (2013-05-16) -- "Good Sport"
Copyright (C) 2013 The R Foundation for Statistical Computing
Platform: x86_64-pc-linux-gnu (64-bit)

R is free software and comes with ABSOLUTELY NO WARRANTY.
You are welcome to redistribute it under certain conditions.
Type 'license()' or 'licence()' for distribution details.

  Natural language support but running in an English locale

R is a collaborative project with many contributors.
Type 'contributors()' for more information and
'citation()' on how to cite R or R packages in publications.

Type 'demo()' for some demos, 'help()' for on-line help, or
'help.start()' for an HTML browser interface to help.
Type 'q()' to quit R.

> source("../../Classes.R")
> source("../NBayes.R")
> library(data.table)
> library(Matrix)
> options(width=190)
> options(scipen=999)
> 
> mns = 1e4 #5e5
> mnr = 1e2 #1e4
> mds = 4
> mdr = 100 #400
> 
> #varyns = c(1e4, 5e4, 1e5, 5e5, 1e6, 5e6)
> #varydr = c(2, 4, 20, 40, 200, 400)
> varyns = c(1e2, 5e2, 1e3, 5e3, 1e4)
> varydr = c(2, 4, 20, 40, 100)
> 
> np = 5
> #params is a 2xnpx4 matrix of param values with cols being ns,nr,ds,dr; np combos each for varying ns and dr
> params = rbind(cbind(varyns, rep(mnr, np), rep(mds, np), rep(mdr, np)), cbind(rep(mns, np), rep(mnr, np), rep(mds, np), varydr))
> 
> for (i in 1:nrow(params)) {
+ 
+ ns = params[i, 1]; nr = params[i, 2]; ds = params[i, 3]; dr = params[i, 4]; 
+ cat("GEN_DATA:", ns, nr, ds, dr, "\n")
+ 
+ #generate synth data R, and S incl Y and FK
+ tinyr = as.data.frame(matrix(sample(c("t","f"), (nr * dr), replace=TRUE), nrow=nr, ncol=dr))
+ tinys = as.data.frame(matrix(sample(c("t","f"), (ns * ds), replace=TRUE), nrow=ns, ncol=ds))
+ yvec = sample(c("t","f"), ns, replace=TRUE)
+ fkvec = sample(seq(1, nr), ns, replace=TRUE)
+ tinys = cbind(yvec, tinys, fkvec)
+ names(tinys) = c("y", "xs1", "xs2", "xs3", "xs4", "fk")
+ #names(tinys) = c("y", "xs1", "fk")
+ 
+ tinyr = cbind(seq(1, nr), tinyr)
+ names(tinyr)[1] = "fk"
+ tinyr$fk = factor(tinyr$fk)
+ tinys$fk = factor(tinys$fk, levels=levels(tinyr$fk))
+ pt = proc.time(); tinyt = merge(tinys, tinyr); cat("TIME_J:", proc.time() - pt, "\n")
+ tinyt$fk = factor(tinyt$fk, levels=levels(tinyr$fk))
+ 
+ singtrain = SingData(Target=as.data.frame(tinyt[,2]), TargetName="y", SingTable=tinyt[,-2], FDs=list())
+ kfkds = list(KFKD(EntCol="fk", AttCol="fk", UseFK=TRUE))
+ multtrain = MultData(Target=as.data.frame(tinys[,1]), EntTable=tinys[,-1], AttTables=list(tinyr), KFKDs=kfkds)
+ 
+ #time slss and flfs thrice
+ for (tt in 1:3) {
+ 	pt = proc.time(); mynbsing = NBayesSingLearn(singtrain); cat("TIME_SL:", proc.time() - pt, "\n")
+ 	pt = proc.time(); tpredsing = NBayesSingScore(mynbsing, singtrain); cat("TIME_SS:", proc.time() - pt, "\n")
+ 
+ 	pt = proc.time(); mynbmult = NBayesMultLearn(multtrain); cat("TIME_FL:", proc.time() - pt, "\n")
+ 	pt = proc.time(); tpredmult = NBayesMultScore(mynbmult, multtrain); cat("TIME_FS:", proc.time() - pt, "\n")
+ }
+ 
+ }
GEN_DATA: 100 100 4 100 
TIME_J: 0.012 0 0.013 0 0 
TIME_SL: 0.052 0 0.052 0 0 
TIME_SS: 0.284 0 0.281 0 0 
TIME_FL: 0.212 0.004 0.219 0 0 
TIME_FS: 0.132 0 0.133 0 0 
TIME_SL: 0.052 0 0.05 0 0 
TIME_SS: 0.172 0 0.175 0 0 
TIME_FL: 0.22 0 0.218 0 0 
TIME_FS: 0.136 0 0.138 0 0 
TIME_SL: 0.052 0 0.051 0 0 
TIME_SS: 0.172 0 0.173 0 0 
TIME_FL: 0.224 0 0.222 0 0 
TIME_FS: 0.132 0 0.133 0 0 
GEN_DATA: 500 100 4 100 
TIME_J: 0.016 0 0.015 0 0 
TIME_SL: 0.064 0 0.063 0 0 
TIME_SS: 0.828 0 0.827 0 0 
TIME_FL: 0.22 0 0.223 0 0 
TIME_FS: 0.172 0 0.17 0 0 
TIME_SL: 0.056 0 0.059 0 0 
TIME_SS: 0.916 0 0.914 0 0 
TIME_FL: 0.212 0.004 0.219 0 0 
TIME_FS: 0.176 0 0.173 0 0 
TIME_SL: 0.056 0 0.056 0 0 
TIME_SS: 0.812 0 0.815 0 0 
TIME_FL: 0.216 0 0.217 0 0 
TIME_FS: 0.172 0 0.17 0 0 
GEN_DATA: 1000 100 4 100 
TIME_J: 0.016 0.004 0.022 0 0 
TIME_SL: 0.072 0 0.074 0 0 
TIME_SS: 1.732 0 1.731 0 0 
TIME_FL: 0.216 0.004 0.222 0 0 
TIME_FS: 0.208 0 0.208 0 0 
TIME_SL: 0.068 0 0.068 0 0 
TIME_SS: 1.88 0.004 1.888 0 0 
TIME_FL: 0.228 0 0.229 0 0 
TIME_FS: 0.216 0 0.216 0 0 
TIME_SL: 0.072 0 0.07 0 0 
TIME_SS: 1.792 0 1.794 0 0 
TIME_FL: 0.232 0 0.232 0 0 
TIME_FS: 0.216 0 0.218 0 0 
GEN_DATA: 5000 100 4 100 
TIME_J: 0.276 0 0.278 0 0 
TIME_SL: 0.24 0 0.239 0 0 
TIME_SS: 8.596 0.024 8.632 0 0 
TIME_FL: 0.236 0 0.239 0 0 
TIME_FS: 0.556 0 0.557 0 0 
TIME_SL: 0.148 0.004 0.15 0 0 
TIME_SS: 8.705 0 8.717 0 0 
TIME_FL: 0.228 0 0.226 0 0 
TIME_FS: 0.528 0 0.532 0 0 
TIME_SL: 0.136 0 0.139 0 0 
TIME_SS: 8.528 0 8.536 0 0 
TIME_FL: 0.22 0 0.221 0 0 
TIME_FS: 0.532 0 0.533 0 0 
GEN_DATA: 10000 100 4 100 
TIME_J: 0.328 0 0.329 0 0 
TIME_SL: 0.328 0 0.328 0 0 
TIME_SS: 19.542 0.028 19.598 0 0 
TIME_FL: 0.22 0.004 0.227 0 0 
TIME_FS: 0.94 0 0.94 0 0 
TIME_SL: 0.332 0 0.332 0 0 
TIME_SS: 18.837 0 18.864 0 0 
TIME_FL: 0.228 0 0.227 0 0 
TIME_FS: 0.944 0 0.943 0 0 
TIME_SL: 0.224 0.004 0.231 0 0 
TIME_SS: 18.701 0 18.723 0 0 
TIME_FL: 0.224 0 0.224 0 0 
TIME_FS: 0.94 0 0.941 0 0 
GEN_DATA: 10000 100 4 2 
TIME_J: 0.076 0 0.076 0 0 
TIME_SL: 0.02 0 0.02 0 0 
TIME_SS: 1.144 0 1.145 0 0 
TIME_FL: 0.016 0 0.018 0 0 
TIME_FS: 0.836 0 0.834 0 0 
TIME_SL: 0.016 0 0.016 0 0 
TIME_SS: 1.036 0 1.039 0 0 
TIME_FL: 0.02 0 0.019 0 0 
TIME_FS: 0.836 0 0.836 0 0 
TIME_SL: 0.016 0 0.017 0 0 
TIME_SS: 1.044 0 1.044 0 0 
TIME_FL: 0.016 0 0.019 0 0 
TIME_FS: 0.837 0 0.834 0 0 
GEN_DATA: 10000 100 4 4 
TIME_J: 0.08 0 0.08 0 0 
TIME_SL: 0.02 0 0.021 0 0 
TIME_SS: 1.336 0 1.339 0 0 
TIME_FL: 0.024 0 0.023 0 0 
TIME_FS: 0.836 0 0.837 0 0 
TIME_SL: 0.02 0 0.02 0 0 
TIME_SS: 1.336 0 1.337 0 0 
TIME_FL: 0.02 0 0.023 0 0 
TIME_FS: 0.848 0 0.847 0 0 
TIME_SL: 0.02 0 0.021 0 0 
TIME_SS: 1.344 0 1.345 0 0 
TIME_FL: 0.024 0 0.023 0 0 
TIME_FS: 0.848 0 0.85 0 0 
GEN_DATA: 10000 100 4 20 
TIME_J: 0.084 0 0.086 0 0 
TIME_SL: 0.056 0 0.056 0 0 
TIME_SS: 3.7 0 3.706 0 0 
TIME_FL: 0.056 0 0.056 0 0 
TIME_FS: 0.952 0.004 0.957 0 0 
TIME_SL: 0.056 0 0.055 0 0 
TIME_SS: 3.68 0 3.686 0 0 
TIME_FL: 0.057 0 0.056 0 0 
TIME_FS: 0.876 0 0.876 0 0 
TIME_SL: 0.06 0 0.061 0 0 
TIME_SS: 3.748 0 3.753 0 0 
TIME_FL: 0.056 0 0.056 0 0 
TIME_FS: 0.852 0 0.851 0 0 
GEN_DATA: 10000 100 4 40 
TIME_J: 0.096 0 0.096 0 0 
TIME_SL: 0.108 0 0.107 0 0 
TIME_SS: 6.84 0 6.848 0 0 
TIME_FL: 0.096 0 0.097 0 0 
TIME_FS: 0.884 0 0.885 0 0 
TIME_SL: 0.096 0.004 0.099 0 0 
TIME_SS: 6.705 0 6.713 0 0 
TIME_FL: 0.096 0 0.096 0 0 
TIME_FS: 0.892 0 0.893 0 0 
TIME_SL: 0.104 0 0.102 0 0 
TIME_SS: 6.876 0.004 6.889 0 0 
TIME_FL: 0.1 0 0.103 0 0 
TIME_FS: 0.888 0 0.888 0 0 
GEN_DATA: 10000 100 4 100 
TIME_J: 0.228 0 0.228 0 0 
TIME_SL: 0.236 0 0.238 0 0 
TIME_SS: 31.158 0 31.212 0 0 
TIME_FL: 0.524 0 0.525 0 0 
TIME_FS: 2.188 0 2.191 0 0 
TIME_SL: 0.545 0 0.545 0 0 
TIME_SS: 41.174 0 41.253 0 0 
TIME_FL: 0.536 0 0.535 0 0 
TIME_FS: 2.264 0 2.27 0 0 
TIME_SL: 0.544 0 0.543 0 0 
TIME_SS: 41.491 0 41.572 0 0 
TIME_FL: 0.524 0 0.522 0 0 
TIME_FS: 2.176 0 2.183 0 0 
> 
